<?xml version="1.0" encoding="UTF-8"?>
<!-- Generated by org.testng.reporters.JUnitReportReporter -->
<testsuite skipped="0" hostname="DESKTOP-LDS4O3B" name="AdvancedReport.reportsTest" tests="1" failures="0" timestamp="11 Jun 2019 11:28:19 GMT" time="0.385" errors="0">
  <testcase name="Credentials" time="0.385" classname="AdvancedReport.reportsTest"/>
</testsuite> <!-- AdvancedReport.reportsTest -->
